
22:25:8 [ERREUR] >> La catégorie ["error"] n'existe pas ou ne peut pas être récuperer, vérifier le nom !
22:25:32 [ERREUR] >> La catégorie ["error"] n'existe pas ou ne peut pas être récuperer, vérifier le nom !
22:28:56 [ERREUR] >> La catégorie ["error"] n'existe pas ou ne peut pas être récuperer, vérifier le nom !
22:35:53 [ERREUR] >> La catégorie ["newHint"] n'existe pas ou ne peut pas être récuperer, vérifier le nom !
22:35:53 [ERREUR] >> La catégorie ["setup"] n'existe pas ou ne peut pas être récuperer, vérifier le nom !
22:35:53 [ERREUR] >> La catégorie ["error"] n'existe pas ou ne peut pas être récuperer, vérifier le nom !
22:36:22 [ERREUR] >> La catégorie ["error"] n'existe pas ou ne peut pas être récuperer, vérifier le nom !
22:36:39 [ERREUR] >> La catégorie ["error"] n'existe pas ou ne peut pas être récuperer, vérifier le nom !
22:37:2 [ERREUR] >> La catégorie ["error"] n'existe pas ou ne peut pas être récuperer, vérifier le nom !
22:37:49 [ERREUR] >> La catégorie ["error"] n'existe pas ou ne peut pas être récuperer, vérifier le nom !
12:38:2 [ERREUR] >> Les arguments pour la commande "newhint" sont vides.
12:39:3 [ERREUR] >> Les arguments pour la commande "newhint" sont vides.
12:41:41 [ERREUR] >> La question ne semble pas exister !
12:42:44 [ERREUR] >> La question ne semble pas exister !
12:43:6 [ERREUR] >> La question ne semble pas exister !
12:43:42 [ERREUR] >> La question ne semble pas exister !
12:44:51 [ERREUR] >> La question ne semble pas exister !
12:45:33 [ERREUR] >> La question ne semble pas exister !
12:45:41 [ERREUR] >> La question ne semble pas exister !
12:46:7 [ERREUR] >> La question ne semble pas exister !
12:46:21 [ERREUR] >> La question ne semble pas exister !
12:46:38 [ERREUR] >> La question ne semble pas exister !
17:22:48 [ERREUR] >> HINT >> args vide
9:51:17 [ERREUR] >> Le serveur [test] n'as pas l'autorisation de faire des quiz !
9:51:23 [ERREUR] >> Le serveur [test] n'as pas l'autorisation de faire des quiz !
9:52:3 [ERREUR] >> Le serveur [test] n'as pas l'autorisation de faire des quiz !
12:26:17 [ERREUR] >> Le serveur [test] n'as pas l'autorisation de faire des quiz !
12:26:36 [ERREUR] >> Le serveur [test] n'as pas l'autorisation de faire des quiz !
12:28:15 [ERREUR] >> Le serveur [test] n'as pas l'autorisation de faire des quiz !
12:28:24 [ERREUR] >> Le serveur [test] n'as pas l'autorisation de faire des quiz !
12:41:4 [ERREUR] >> Le fichier hint.json pour le serveur 601147563709693989 n'a pas étais trouvé !
12:41:4 [ERREUR] >> Le fichier participate.json pour le serveur 601147563709693989 n'a pas étais trouvé !
12:41:4 [ERREUR] >> Le fichier question.json pour le serveur 601147563709693989 n'a pas étais trouvé !
12:41:4 [ERREUR] >> Le fichier quiz.json pour le serveur 601147563709693989 n'a pas étais trouvé !
12:43:22 [ERREUR] >> Le serveur [test] n'as pas l'autorisation de faire des quiz !
12:44:33 [ERREUR] >> Le serveur [test] n'as pas l'autorisation de faire des quiz !